[2020-08-18 20:05:30.492][warn ][command:null][tid:01][com.facebook.buck.cli.SystemInfoLogger] Exception while trying to log file limits
java.io.IOException: Cannot run program "ulimit": error=2, No such file or directory
	at java.base/java.lang.ProcessBuilder.start(ProcessBuilder.java:1128)
	at java.base/java.lang.ProcessBuilder.start(ProcessBuilder.java:1071)
	at com.facebook.buck.cli.SystemInfoLogger.executeSystemCommand(SystemInfoLogger.java:102)
	at com.facebook.buck.cli.SystemInfoLogger.logFileLimits(SystemInfoLogger.java:48)
	at com.facebook.buck.cli.BuckDaemon.main(BuckDaemon.java:80)
	at java.base/jdk.internal.reflect.NativeMethodAccessorImpl.invoke0(Native Method)
	at java.base/jdk.internal.reflect.NativeMethodAccessorImpl.invoke(NativeMethodAccessorImpl.java:62)
	at java.base/jdk.internal.reflect.DelegatingMethodAccessorImpl.invoke(DelegatingMethodAccessorImpl.java:43)
	at java.base/java.lang.reflect.Method.invoke(Method.java:566)
	at com.facebook.buck.cli.bootstrapper.ClassLoaderBootstrapper.main(ClassLoaderBootstrapper.java:55)
Caused by: java.io.IOException: error=2, No such file or directory
	at java.base/java.lang.ProcessImpl.forkAndExec(Native Method)
	at java.base/java.lang.ProcessImpl.<init>(ProcessImpl.java:340)
	at java.base/java.lang.ProcessImpl.start(ProcessImpl.java:271)
	at java.base/java.lang.ProcessBuilder.start(ProcessBuilder.java:1107)
	... 9 more

[2020-08-18 20:05:30.656][debug][command:null][tid:01][com.facebook.buck.cli.SystemInfoLogger] Parent process chain:
   7700 buckd -Dbuck.is_buckd=true -Dbuck.buckd_launch_time_nanos=1368587880761 -Dfile.encoding=UTF-8 -XX:MaxGCPauseMillis=15000 -XX:SoftRefLRUPolicyMSPerMB=0 -XX:PerfDataSamplingInterval=5000 -Xrs -XX:+UnlockDiagnosticVMOptions -XX:GuaranteedSafepointInterval=5000 -Djava.io.tmpdir=/home/kevin/Learning/math/buck-out/tmp/buckd_tmp.pJcjcI -Dcom.facebook.nailgun.NGServer.outputPath=/home/kevin/Learning/math/buck-out/tmp/buckd_tmp.pJcjcI/ngserver-out -XX:+UseG1GC -XX:MaxHeapFreeRatio=40 -Xbootclasspath/a:/home/kevin/buck/ant-out/buckfilesystem/buckfilesystem.jar -Djava.nio.file.spi.DefaultFileSystemProvider=com.facebook.buck.core.filesystems.BuckFileSystemProvider -Xmx1000m -Djava.awt.headless=true -Djna.nosys=true -Djava.util.logging.config.class=com.facebook.buck.cli.bootstrapper.LogConfig -Dbuck.test_util_no_tests_dir=true -Dbuck.version_uid=a68ef0d834eec5fe381cb3e8e8612ba9fa42a09d -Dbuck.buckd_dir=/home/kevin/Learning/math/.buckd -Dorg.eclipse.jetty.util.log.class=org.eclipse.jetty.util.log.JavaUtilLog -Dbuck.git_commit=a68ef0d834eec5fe381cb3e8e8612ba9fa42a09d -Dbuck.git_commit_timestamp=1597678448 -Dbuck.binary_hash=932f64141c1ffd2b3db2a4c5d5742bac -Dbuck.base_buck_out_dir=buck-out -Dbuck.legacy_fix_script=/home/kevin/buck/programs/fixes/source_only_abi/autofix_source_only_abi_warnings.py -Dbuck.testrunner_classes=/home/kevin/buck/ant-out/testrunner/classes -Dbuck.logging_config_file=/home/kevin/buck/config/logging.properties.st -Dbuck.path_to_python_dsl=/home/kevin/buck/python-dsl -Dbuck.path_to_pathlib_py=/home/kevin/buck/third-party/py/pathlib/pathlib.py -Dbuck.path_to_pywatchman=/home/kevin/buck/third-party/py/pywatchman -Dbuck.path_to_typing=/home/kevin/buck/third-party/py/typing/python2 -Dbuck.path_to_six_py=/home/kevin/buck/third-party/py/six/six.py -Dbuck.path_to_sh_binary_template=/home/kevin/buck/src/com/facebook/buck/shell/sh_binary_template -Dbuck.path_to_isolated_trampoline=/home/kevin/buck/src/com/facebook/buck/rules/modern/builders/trampoline.sh -Dbuck.jacoco_agent_jar=/home/kevin/buck/third-party/java/jacoco/jacocoagent.jar -Dbuck.report_generator_jar=/home/kevin/buck/ant-out/report-generator.jar -Dbuck.dx=/home/kevin/buck/third-party/java/dx/etc/dx -Dbuck.android_agent_path=/home/kevin/buck/assets/android/agent.apk -Dbuck.buck_build_type_info=/home/kevin/buck/config/build_type/LOCAL_ANT/type.txt -Dbuck.native_exopackage_fake_path=/home/kevin/buck/assets/android/native-exopackage-fakes.apk -Dbuck.git_dirty=0 -Dpf4j.pluginsDir=/home/kevin/buck/ant-out/buck-modules -Dbuck.mode=repository -Dbuck.module.resources=/home/kevin/buck/ant-out/buck-modules-resources com.facebook.buck.cli.bootstrapper.ClassLoaderBootstrapper com.facebook.buck.cli.BuckDaemon local:.buckd/sock 180000
   7686 /usr/bin/python2.7 /home/kevin/buck/bin/../programs/buck.py build :mathstan
   7354 /bin/bash
   6488 /usr/share/code/code --type=renderer --no-sandbox --disable-gpu-compositing --service-pipe-token=AE16E009346B6ACFEA1A7F8DAA2647AA --lang=en-US --app-path=/usr/share/code/resources/app --node-integration=true --webview-tag=true --no-sandbox --background-color=#1e1e1e --num-raster-threads=2 --enable-main-frame-before-activation --enable-compositor-image-animations --service-request-channel-token=AE16E009346B6ACFEA1A7F8DAA2647AA --renderer-client-id=8 --shared-files=v8_context_snapshot_data:100,v8_natives_data:101
   5646 /usr/share/code/code --type=zygote --no-sandbox
   5644 /usr/share/code/code --unity-launch
   1863 /usr/bin/plasmashell
      1 /sbin/init splash

[2020-08-18 20:05:30.675][info ][command:null][tid:01][com.facebook.buck.cli.BuckDaemon] enabling background process killing for buckd
[2020-08-18 20:05:30.679][info ][command:null][tid:01][com.facebook.buck.cli.BuckDaemon] enabled background process killing for buckd
[2020-08-18 20:05:30.681][info ][command:null][tid:01][com.facebook.buck.cli.BuckDaemon] initialized bg session killer
[2020-08-18 20:05:30.777][debug][command:null][tid:13][com.facebook.nailgun.NGSession] NGSession 1 is waiting for first client to connect
[2020-08-18 20:05:30.783][debug][command:null][tid:13][com.facebook.nailgun.NGSession] NGSession 1 accepted new connection
[2020-08-18 20:05:30.810][debug][command:null][tid:14][com.facebook.nailgun.NGCommunicator] Orchestrator thread started
[2020-08-18 20:05:30.884][info ][command:null][tid:13][org.pf4j.DefaultPluginStatusProvider] Enabled plugins: []
[2020-08-18 20:05:30.885][info ][command:null][tid:13][org.pf4j.DefaultPluginStatusProvider] Disabled plugins: []
[2020-08-18 20:05:30.889][info ][command:null][tid:13][org.pf4j.DefaultPluginManager] PF4J version 2.0.0-SNAPSHOT in 'deployment' mode
[2020-08-18 20:05:30.969][info ][command:null][tid:13][org.pf4j.AbstractPluginManager] Plugin 'com.facebook.buck.features.python@0.0.1' resolved
[2020-08-18 20:05:30.969][info ][command:null][tid:13][org.pf4j.AbstractPluginManager] Plugin 'com.facebook.buck.features.lua@0.0.1' resolved
[2020-08-18 20:05:30.970][info ][command:null][tid:13][org.pf4j.AbstractPluginManager] Plugin 'com.facebook.buck.features.go@0.0.1' resolved
[2020-08-18 20:05:30.970][info ][command:null][tid:13][org.pf4j.AbstractPluginManager] Plugin 'com.facebook.buck.features.rust@0.0.1' resolved
[2020-08-18 20:05:30.970][info ][command:null][tid:13][org.pf4j.AbstractPluginManager] Plugin 'com.facebook.buck.features.dotnet@0.0.1' resolved
[2020-08-18 20:05:30.970][info ][command:null][tid:13][org.pf4j.AbstractPluginManager] Plugin 'com.facebook.buck.features.haskell@0.0.1' resolved
[2020-08-18 20:05:30.971][info ][command:null][tid:13][org.pf4j.AbstractPluginManager] Plugin 'com.facebook.buck.features.ocaml@0.0.1' resolved
[2020-08-18 20:05:30.971][info ][command:null][tid:13][org.pf4j.AbstractPluginManager] Plugin 'com.facebook.buck.features.halide@0.0.1' resolved
[2020-08-18 20:05:30.971][info ][command:null][tid:13][org.pf4j.AbstractPluginManager] Plugin 'com.facebook.buck.features.js@0.0.1' resolved
[2020-08-18 20:05:30.972][info ][command:null][tid:13][org.pf4j.AbstractPluginManager] Plugin 'com.facebook.buck.features.apple.project@0.0.1' resolved
[2020-08-18 20:05:30.978][info ][command:null][tid:13][org.pf4j.AbstractPluginManager] Plugin 'com.facebook.buck.features.d@0.0.1' resolved
[2020-08-18 20:05:30.978][info ][command:null][tid:13][org.pf4j.AbstractPluginManager] Plugin 'com.facebook.buck.features.gwt@0.0.1' resolved
[2020-08-18 20:05:30.978][info ][command:null][tid:13][org.pf4j.AbstractPluginManager] Plugin 'com.facebook.buck.features.filebundler@0.0.1' resolved
[2020-08-18 20:05:30.978][info ][command:null][tid:13][org.pf4j.AbstractPluginManager] Plugin 'com.facebook.buck.features.filegroup@0.0.1' resolved
[2020-08-18 20:05:30.979][info ][command:null][tid:13][org.pf4j.AbstractPluginManager] Plugin 'com.facebook.buck.features.zip.rules@0.0.1' resolved
[2020-08-18 20:05:30.979][info ][command:null][tid:13][org.pf4j.AbstractPluginManager] Plugin 'com.facebook.buck.features.project.intellij@0.0.1' resolved
[2020-08-18 20:05:30.979][info ][command:null][tid:13][org.pf4j.AbstractPluginManager] Start plugin 'com.facebook.buck.features.python@0.0.1'
[2020-08-18 20:05:30.984][info ][command:null][tid:13][org.pf4j.AbstractPluginManager] Start plugin 'com.facebook.buck.features.lua@0.0.1'
[2020-08-18 20:05:30.986][info ][command:null][tid:13][org.pf4j.AbstractPluginManager] Start plugin 'com.facebook.buck.features.go@0.0.1'
[2020-08-18 20:05:30.991][info ][command:null][tid:13][org.pf4j.AbstractPluginManager] Start plugin 'com.facebook.buck.features.rust@0.0.1'
[2020-08-18 20:05:30.992][info ][command:null][tid:13][org.pf4j.AbstractPluginManager] Start plugin 'com.facebook.buck.features.dotnet@0.0.1'
[2020-08-18 20:05:30.994][info ][command:null][tid:13][org.pf4j.AbstractPluginManager] Start plugin 'com.facebook.buck.features.haskell@0.0.1'
[2020-08-18 20:05:30.997][info ][command:null][tid:13][org.pf4j.AbstractPluginManager] Start plugin 'com.facebook.buck.features.ocaml@0.0.1'
[2020-08-18 20:05:31.002][info ][command:null][tid:13][org.pf4j.AbstractPluginManager] Start plugin 'com.facebook.buck.features.halide@0.0.1'
[2020-08-18 20:05:31.003][info ][command:null][tid:13][org.pf4j.AbstractPluginManager] Start plugin 'com.facebook.buck.features.js@0.0.1'
[2020-08-18 20:05:31.004][info ][command:null][tid:13][org.pf4j.AbstractPluginManager] Start plugin 'com.facebook.buck.features.apple.project@0.0.1'
[2020-08-18 20:05:31.008][info ][command:null][tid:13][org.pf4j.AbstractPluginManager] Start plugin 'com.facebook.buck.features.d@0.0.1'
[2020-08-18 20:05:31.010][info ][command:null][tid:13][org.pf4j.AbstractPluginManager] Start plugin 'com.facebook.buck.features.gwt@0.0.1'
[2020-08-18 20:05:31.012][info ][command:null][tid:13][org.pf4j.AbstractPluginManager] Start plugin 'com.facebook.buck.features.filebundler@0.0.1'
[2020-08-18 20:05:31.013][info ][command:null][tid:13][org.pf4j.AbstractPluginManager] Start plugin 'com.facebook.buck.features.filegroup@0.0.1'
[2020-08-18 20:05:31.013][info ][command:null][tid:13][org.pf4j.AbstractPluginManager] Start plugin 'com.facebook.buck.features.zip.rules@0.0.1'
[2020-08-18 20:05:31.015][info ][command:null][tid:13][org.pf4j.AbstractPluginManager] Start plugin 'com.facebook.buck.features.project.intellij@0.0.1'
[2020-08-18 20:05:31.198][debug][command:null][tid:13][com.facebook.buck.util.config.Configs] Loading configuration for /home/kevin/Learning/math
[2020-08-18 20:05:31.215][debug][command:null][tid:13][com.facebook.buck.util.config.Configs] Loaded project configuration file /home/kevin/Learning/math/.buckconfig
[2020-08-18 20:05:31.227][debug][command:null][tid:13][com.facebook.buck.util.config.Configs] Adding configuration overrides RawConfig{values={}}
[2020-08-18 20:05:31.378][debug][command:null][tid:13][com.facebook.buck.cli.MainRunner] Rotating log.
[2020-08-18 20:05:31.394][debug][command:null][tid:13][com.facebook.buck.cli.MainRunner] Starting up (build date 2020-08-17 10:34:08 -0500, rev a68ef0d834eec5fe381cb3e8e8612ba9fa42a09d), args: [build, :mathstan]
[2020-08-18 20:05:31.400][debug][command:null][tid:13][com.facebook.buck.cli.MainRunner] System properties: {buck.jacoco_agent_jar=/home/kevin/buck/third-party/java/jacoco/jacocoagent.jar, awt.toolkit=sun.awt.X11.XToolkit, buck.test_util_no_tests_dir=true, java.specification.version=11, sun.cpu.isalist=, buck.path_to_pathlib_py=/home/kevin/buck/third-party/py/pathlib/pathlib.py, sun.jnu.encoding=UTF-8, java.class.path=/home/kevin/buck/ant-out/bootstrapper/bootstrapper.jar, com.facebook.nailgun.NGServer.outputPath=/home/kevin/Learning/math/buck-out/tmp/buckd_tmp.pJcjcI/ngserver-out, buck.dx=/home/kevin/buck/third-party/java/dx/etc/dx, java.vm.vendor=Oracle Corporation, sun.arch.data.model=64, java.vendor.url=http://java.oracle.com/, user.timezone=America/Chicago, os.name=Linux, java.vm.specification.version=11, buck.logging_config_file=/home/kevin/buck/config/logging.properties.st, sun.java.launcher=SUN_STANDARD, user.country=US, sun.boot.library.path=/usr/lib/jvm/java-11-openjdk-amd64/lib, buck.path_to_six_py=/home/kevin/buck/third-party/py/six/six.py, buck.path_to_isolated_trampoline=/home/kevin/buck/src/com/facebook/buck/rules/modern/builders/trampoline.sh, sun.java.command=com.facebook.buck.cli.bootstrapper.ClassLoaderBootstrapper com.facebook.buck.cli.BuckDaemon local:.buckd/sock 180000, buck.git_commit=a68ef0d834eec5fe381cb3e8e8612ba9fa42a09d, jdk.debug=release, sun.cpu.endian=little, user.home=/home/kevin, user.language=en, java.specification.vendor=Oracle Corporation, org.eclipse.jetty.util.log.class=org.eclipse.jetty.util.log.JavaUtilLog, java.version.date=2019-04-16, java.home=/usr/lib/jvm/java-11-openjdk-amd64, file.separator=/, java.vm.compressedOopsMode=32-bit, line.separator=
, java.specification.name=Java Platform API Specification, java.vm.specification.vendor=Oracle Corporation, java.awt.graphicsenv=sun.awt.X11GraphicsEnvironment, java.awt.headless=true, buck.git_dirty=0, buck.buckd_launch_time_nanos=1368587880761, buck.mode=repository, buck.path_to_typing=/home/kevin/buck/third-party/py/typing/python2, buck.testrunner_classes=/home/kevin/buck/ant-out/testrunner/classes, sun.management.compiler=HotSpot 64-Bit Tiered Compilers, java.nio.file.spi.DefaultFileSystemProvider=com.facebook.buck.core.filesystems.BuckFileSystemProvider, java.runtime.version=11.0.3+7-Ubuntu-1ubuntu218.10.1, user.name=kevin, buck.buckd_dir=/home/kevin/Learning/math/.buckd, buck.report_generator_jar=/home/kevin/buck/ant-out/report-generator.jar, buck.path_to_pywatchman=/home/kevin/buck/third-party/py/pywatchman, path.separator=:, os.version=4.18.0-25-generic, buck.is_buckd=true, jna.nosys=true, buck.path_to_sh_binary_template=/home/kevin/buck/src/com/facebook/buck/shell/sh_binary_template, java.runtime.name=OpenJDK Runtime Environment, buck.native_exopackage_fake_path=/home/kevin/buck/assets/android/native-exopackage-fakes.apk, pf4j.pluginsDir=/home/kevin/buck/ant-out/buck-modules, file.encoding=UTF-8, java.util.logging.config.class=com.facebook.buck.cli.bootstrapper.LogConfig, jnidispatch.path=/home/kevin/Learning/math/buck-out/tmp/buckd_tmp.pJcjcI/jna-101942401/jna3838158451478644841.tmp, java.vm.name=OpenJDK 64-Bit Server VM, jna.platform.library.path=/usr/lib/x86_64-linux-gnu:/lib/x86_64-linux-gnu:/lib64:/usr/lib:/lib:/lib/i386-linux-gnu:/usr/lib/i386-linux-gnu:/lib32:/usr/local/lib:/usr/lib32:/usr/lib/x86_64-linux-gnu/libfakeroot, buck.version_uid=a68ef0d834eec5fe381cb3e8e8612ba9fa42a09d, buck.git_commit_timestamp=1597678448, buck.module.resources=/home/kevin/buck/ant-out/buck-modules-resources, jna.loaded=true, java.vendor.url.bug=http://bugreport.java.com/bugreport/, java.io.tmpdir=/home/kevin/Learning/math/buck-out/tmp/buckd_tmp.pJcjcI, buck.buck_build_type_info=/home/kevin/buck/config/build_type/LOCAL_ANT/type.txt, buck.legacy_fix_script=/home/kevin/buck/programs/fixes/source_only_abi/autofix_source_only_abi_warnings.py, java.version=11.0.3, user.dir=/home/kevin/Learning/math, os.arch=amd64, buck.path_to_python_dsl=/home/kevin/buck/python-dsl, buck.android_agent_path=/home/kevin/buck/assets/android/agent.apk, buck.base_buck_out_dir=buck-out, java.vm.specification.name=Java Virtual Machine Specification, java.awt.printerjob=sun.print.PSPrinterJob, sun.os.patch.level=unknown, java.library.path=/usr/java/packages/lib:/usr/lib/x86_64-linux-gnu/jni:/lib/x86_64-linux-gnu:/usr/lib/x86_64-linux-gnu:/usr/lib/jni:/lib:/usr/lib, java.vendor=Oracle Corporation, java.vm.info=mixed mode, sharing, java.vm.version=11.0.3+7-Ubuntu-1ubuntu218.10.1, sun.io.unicode.encoding=UnicodeLittle, java.class.version=55.0, buck.binary_hash=932f64141c1ffd2b3db2a4c5d5742bac}
[2020-08-18 20:05:31.459][debug][command:null][tid:13][com.facebook.buck.util.config.Configs] Loading configuration for /home/kevin/Learning/math
[2020-08-18 20:05:31.461][debug][command:null][tid:13][com.facebook.buck.util.config.Configs] Loaded project configuration file /home/kevin/Learning/math/.buckconfig
[2020-08-18 20:05:31.461][debug][command:null][tid:13][com.facebook.buck.util.config.Configs] Adding configuration overrides RawConfig{values={}}
[2020-08-18 20:05:31.605][info ][command:null][tid:13][com.facebook.buck.io.watchman.WatchmanFactory] Creating for: [/home/kevin/Learning/math]
[2020-08-18 20:05:31.614][debug][command:null][tid:13][com.facebook.buck.io.ExecutableFinder] Executable 'watchman' mapped to 'Optional[/usr/local/bin/watchman]'
[2020-08-18 20:05:31.616][debug][command:null][tid:13][com.facebook.buck.util.ListeningProcessExecutor] Launching process with params ProcessExecutorParams{command=[/usr/local/bin/watchman, --output-encoding=bser, get-sockname]}
[2020-08-18 20:05:31.663][debug][command:null][tid:13][com.facebook.buck.util.ListeningProcessExecutor] Successfully launched process com.zaxxer.nuprocess.linux.LinuxProcess@69737c39
[2020-08-18 20:05:31.664][debug][command:null][tid:13][com.facebook.buck.util.ListeningProcessExecutor] Waiting for process com.facebook.buck.util.ListeningProcessExecutor$LaunchedProcessImpl@5ddef16b timeout 1000000000 NANOSECONDS
[2020-08-18 20:05:32.156][debug][command:null][tid:13][com.facebook.buck.util.ListeningProcessExecutor] Wait for process returned 0
[2020-08-18 20:05:32.158][debug][command:null][tid:13][com.facebook.buck.io.watchman.WatchmanFactory] Waited 493 ms for Watchman command get-sockname, exit code 0
[2020-08-18 20:05:32.165][debug][command:null][tid:13][com.facebook.buck.io.watchman.WatchmanFactory] stdout of command: {unix_domain=/usr/local/var/run/watchman/kevin-state/sock, sockname=/usr/local/var/run/watchman/kevin-state/sock, version=20200816.222424.0}
[2020-08-18 20:05:32.165][info ][command:null][tid:13][com.facebook.buck.io.watchman.WatchmanFactory] Connecting to Watchman version 20200816.222424.0 at /usr/local/var/run/watchman/kevin-state/sock
[2020-08-18 20:05:32.185][debug][command:null][tid:13][com.facebook.buck.io.watchman.WatchmanTransportClient] Query [version, {required=[cmd-watch-project], optional=[term-dirname, cmd-watch-project, wildmatch, wildmatch_multislash, glob_generator, clock-sync-timeout]}] returned in 2 ms
[2020-08-18 20:05:32.186][info ][command:null][tid:13][com.facebook.buck.io.watchman.WatchmanFactory] Took 4 ms to query capabilities {term-dirname=DIRNAME, cmd-watch-project=SUPPORTS_PROJECT_WATCH, wildmatch=WILDMATCH_GLOB, wildmatch_multislash=WILDMATCH_MULTISLASH, glob_generator=GLOB_GENERATOR, clock-sync-timeout=CLOCK_SYNC_TIMEOUT}
[2020-08-18 20:05:32.186][debug][command:null][tid:13][com.facebook.buck.io.watchman.WatchmanFactory] Got capabilities response: {clock-sync-timeout=true, glob_generator=true, wildmatch_multislash=false, wildmatch=true, cmd-watch-project=true, term-dirname=true}
[2020-08-18 20:05:32.187][debug][command:null][tid:13][com.facebook.buck.io.watchman.WatchmanFactory] Got Watchman capabilities: [CLOCK_SYNC_TIMEOUT, GLOB_GENERATOR, WILDMATCH_GLOB, SUPPORTS_PROJECT_WATCH, DIRNAME]
[2020-08-18 20:05:32.187][info ][command:null][tid:13][com.facebook.buck.io.watchman.WatchmanFactory] Adding watchman root: /home/kevin/Learning/math
[2020-08-18 20:05:32.501][debug][command:null][tid:13][com.facebook.buck.io.watchman.WatchmanTransportClient] Query [watch-project, /home/kevin/Learning/math] returned in 313 ms
[2020-08-18 20:05:32.502][debug][command:null][tid:13][com.facebook.buck.io.watchman.WatchmanTransportClient] Query [watch-project, /home/kevin/Learning/math] returned in 0 ms
[2020-08-18 20:05:32.502][info ][command:null][tid:13][com.facebook.buck.io.watchman.WatchmanFactory] Took 315 ms to add root /home/kevin/Learning/math
[2020-08-18 20:05:32.508][debug][command:null][tid:13][com.facebook.buck.io.watchman.WatchmanTransportClient] Query [clock, /home/kevin/Learning/math, {sync_timeout=100}] returned in 0 ms
[2020-08-18 20:05:32.509][info ][command:null][tid:13][com.facebook.buck.io.watchman.WatchmanFactory] Took 1 ms to query for initial clock id Optional[c:1597799132:7759:2:6]
[2020-08-18 20:05:32.509][debug][command:null][tid:13][com.facebook.buck.io.watchman.WatchmanFactory] Connected to Watchman
[2020-08-18 20:05:32.509][debug][command:null][tid:13][com.facebook.buck.io.watchman.WatchmanTransportClient] Closing Watchman transport.
[2020-08-18 20:05:32.512][debug][command:null][tid:13][com.facebook.buck.cli.MainRunner] Watchman capabilities: [CLOCK_SYNC_TIMEOUT, GLOB_GENERATOR, WILDMATCH_GLOB, SUPPORTS_PROJECT_WATCH, DIRNAME] Project watches: {/home/kevin/Learning/math=ProjectWatch{watchRoot=/home/kevin/Learning/math}} Glob handler config: PYTHON Query timeout ms config: Optional.empty
[2020-08-18 20:05:32.551][info ][command:null][tid:13][com.facebook.buck.core.plugin.impl.DefaultBuckPluginManager] Time to load instances of interface com.facebook.buck.core.rules.config.ConfigurationRuleDescriptionProvider: 37
[2020-08-18 20:05:32.632][info ][command:null][tid:13][com.facebook.buck.core.plugin.impl.DefaultBuckPluginManager] Time to load instances of interface com.facebook.buck.core.toolchain.ToolchainSupplier: 60
[2020-08-18 20:05:32.858][debug][command:null][tid:13][com.facebook.buck.support.state.BuckGlobalStateLifecycleManager] Starting up daemon state for project root [/home/kevin/Learning/math]
[2020-08-18 20:05:33.031][debug][command:null][tid:13][com.facebook.buck.support.state.BuckGlobalStateFactory] Using Watchman Cursor: {/home/kevin/Learning/math=c:1597799132:7759:2:6}
